<?xml version="1.0" encoding="UTF-8"?>
<!-- Generated by org.testng.reporters.JUnitReportReporter -->
<testsuite hostname="Ganesh2122" failures="0" tests="1" name="com.Actitime.test_script.Assert" time="3.724" errors="0" timestamp="2023-02-21T09:11:41 IST" skipped="0">
  <testcase classname="com.Actitime.test_script.Assert" name="demoAssertion" time="3.724"/>
  <system-out/>
</testsuite> <!-- com.Actitime.test_script.Assert -->
