<?xml version="1.0" encoding="UTF-8"?>
<!-- Generated by org.testng.reporters.JUnitReportReporter -->
<testsuite hostname="Ganesh2122" failures="0" tests="1" name="com.Actitime.test_script.Assert1" time="7.498" errors="0" timestamp="2023-02-21T09:43:14 IST" skipped="0">
  <testcase classname="com.Actitime.test_script.Assert1" name="demoAssertion" time="7.498"/>
  <system-out/>
</testsuite> <!-- com.Actitime.test_script.Assert1 -->
