<?xml version="1.0" encoding="UTF-8"?>
<!-- Generated by org.testng.reporters.JUnitReportReporter -->
<testsuite hostname="Ganesh2122" failures="0" tests="1" name="com.Actitime.test_script.CreateCustomer" time="10.092" errors="0" timestamp="2023-02-22T08:58:52 IST" skipped="0">
  <testcase classname="com.Actitime.test_script.CreateCustomer" name="createcutomer" time="10.092"/>
  <system-out>
    <![CDATA[Assertion pass]]>
  </system-out>
</testsuite> <!-- com.Actitime.test_script.CreateCustomer -->
